Connexion au consumer Kafka établie avec succès
En attente de messages sur le topic fakestore-users...
Connexion à PostgreSQL établie avec succès
Utilisateur 1 (source: fakestore) traité avec succès.
Connexion à PostgreSQL établie avec succès
Utilisateur 2 (source: fakestore) traité avec succès.
Connexion à PostgreSQL établie avec succès
Utilisateur 3 (source: fakestore) traité avec succès.
Connexion à PostgreSQL établie avec succès
Utilisateur 4 (source: fakestore) traité avec succès.
Connexion à PostgreSQL établie avec succès
Utilisateur 5 (source: fakestore) traité avec succès.
Connexion à PostgreSQL établie avec succès
Utilisateur 6 (source: fakestore) traité avec succès.
Connexion à PostgreSQL établie avec succès
Utilisateur 7 (source: fakestore) traité avec succès.
Connexion à PostgreSQL établie avec succès
Utilisateur 8 (source: fakestore) traité avec succès.
Connexion à PostgreSQL établie avec succès
Utilisateur 9 (source: fakestore) traité avec succès.
Connexion à PostgreSQL établie avec succès
Utilisateur 10 (source: fakestore) traité avec succès.
Connexion à PostgreSQL établie avec succès
Utilisateur 1 (source: dummyjson) traité avec succès.
Connexion à PostgreSQL établie avec succès
Utilisateur 2 (source: dummyjson) traité avec succès.
Connexion à PostgreSQL établie avec succès
Utilisateur 3 (source: dummyjson) traité avec succès.
Connexion à PostgreSQL établie avec succès
Utilisateur 4 (source: dummyjson) traité avec succès.
Connexion à PostgreSQL établie avec succès
Utilisateur 5 (source: dummyjson) traité avec succès.
Connexion à PostgreSQL établie avec succès
Utilisateur 6 (source: dummyjson) traité avec succès.
Connexion à PostgreSQL établie avec succès
Utilisateur 7 (source: dummyjson) traité avec succès.
Connexion à PostgreSQL établie avec succès
Utilisateur 8 (source: dummyjson) traité avec succès.
Connexion à PostgreSQL établie avec succès
Utilisateur 9 (source: dummyjson) traité avec succès.
Connexion à PostgreSQL établie avec succès
Utilisateur 10 (source: dummyjson) traité avec succès.
Connexion à PostgreSQL établie avec succès
Utilisateur 11 (source: dummyjson) traité avec succès.
Connexion à PostgreSQL établie avec succès
Utilisateur 12 (source: dummyjson) traité avec succès.
Connexion à PostgreSQL établie avec succès
Utilisateur 13 (source: dummyjson) traité avec succès.
Connexion à PostgreSQL établie avec succès
Utilisateur 14 (source: dummyjson) traité avec succès.
Connexion à PostgreSQL établie avec succès
Utilisateur 15 (source: dummyjson) traité avec succès.
Connexion à PostgreSQL établie avec succès
Utilisateur 16 (source: dummyjson) traité avec succès.
Connexion à PostgreSQL établie avec succès
Utilisateur 17 (source: dummyjson) traité avec succès.
Connexion à PostgreSQL établie avec succès
Utilisateur 18 (source: dummyjson) traité avec succès.
Connexion à PostgreSQL établie avec succès
Utilisateur 19 (source: dummyjson) traité avec succès.
Connexion à PostgreSQL établie avec succès
Utilisateur 20 (source: dummyjson) traité avec succès.
Connexion à PostgreSQL établie avec succès
Utilisateur 21 (source: dummyjson) traité avec succès.
Connexion à PostgreSQL établie avec succès
Utilisateur 22 (source: dummyjson) traité avec succès.
Connexion à PostgreSQL établie avec succès
Utilisateur 23 (source: dummyjson) traité avec succès.
Connexion à PostgreSQL établie avec succès
Utilisateur 24 (source: dummyjson) traité avec succès.
Connexion à PostgreSQL établie avec succès
Utilisateur 25 (source: dummyjson) traité avec succès.
Connexion à PostgreSQL établie avec succès
Utilisateur 26 (source: dummyjson) traité avec succès.
Connexion à PostgreSQL établie avec succès
Utilisateur 27 (source: dummyjson) traité avec succès.
Connexion à PostgreSQL établie avec succès
Utilisateur 28 (source: dummyjson) traité avec succès.
Connexion à PostgreSQL établie avec succès
Utilisateur 29 (source: dummyjson) traité avec succès.
Connexion à PostgreSQL établie avec succès
Utilisateur 30 (source: dummyjson) traité avec succès.
Connexion à PostgreSQL établie avec succès
Utilisateur 31 (source: dummyjson) traité avec succès.
Connexion à PostgreSQL établie avec succès
Utilisateur 32 (source: dummyjson) traité avec succès.
Connexion à PostgreSQL établie avec succès
Utilisateur 33 (source: dummyjson) traité avec succès.
Connexion à PostgreSQL établie avec succès
Utilisateur 34 (source: dummyjson) traité avec succès.
Connexion à PostgreSQL établie avec succès
Utilisateur 35 (source: dummyjson) traité avec succès.
Connexion à PostgreSQL établie avec succès
Utilisateur 36 (source: dummyjson) traité avec succès.
Connexion à PostgreSQL établie avec succès
Utilisateur 37 (source: dummyjson) traité avec succès.
Connexion à PostgreSQL établie avec succès
Utilisateur 38 (source: dummyjson) traité avec succès.
Connexion à PostgreSQL établie avec succès
Utilisateur 39 (source: dummyjson) traité avec succès.
Connexion à PostgreSQL établie avec succès
Utilisateur 40 (source: dummyjson) traité avec succès.
Connexion à PostgreSQL établie avec succès
Utilisateur 41 (source: dummyjson) traité avec succès.
Connexion à PostgreSQL établie avec succès
Utilisateur 42 (source: dummyjson) traité avec succès.
Connexion à PostgreSQL établie avec succès
Utilisateur 43 (source: dummyjson) traité avec succès.
Connexion à PostgreSQL établie avec succès
Utilisateur 44 (source: dummyjson) traité avec succès.
Connexion à PostgreSQL établie avec succès
Utilisateur 45 (source: dummyjson) traité avec succès.
Connexion à PostgreSQL établie avec succès
Utilisateur 46 (source: dummyjson) traité avec succès.
Connexion à PostgreSQL établie avec succès
Utilisateur 47 (source: dummyjson) traité avec succès.
Connexion à PostgreSQL établie avec succès
Utilisateur 48 (source: dummyjson) traité avec succès.
Connexion à PostgreSQL établie avec succès
Utilisateur 49 (source: dummyjson) traité avec succès.
Connexion à PostgreSQL établie avec succès
Utilisateur 50 (source: dummyjson) traité avec succès.
Connexion à PostgreSQL établie avec succès
Utilisateur 51 (source: dummyjson) traité avec succès.
Connexion à PostgreSQL établie avec succès
Utilisateur 52 (source: dummyjson) traité avec succès.
Connexion à PostgreSQL établie avec succès
Utilisateur 53 (source: dummyjson) traité avec succès.
Connexion à PostgreSQL établie avec succès
Utilisateur 54 (source: dummyjson) traité avec succès.
Connexion à PostgreSQL établie avec succès
Utilisateur 55 (source: dummyjson) traité avec succès.
Connexion à PostgreSQL établie avec succès
Utilisateur 56 (source: dummyjson) traité avec succès.
Connexion à PostgreSQL établie avec succès
Utilisateur 57 (source: dummyjson) traité avec succès.
Connexion à PostgreSQL établie avec succès
Utilisateur 58 (source: dummyjson) traité avec succès.
Connexion à PostgreSQL établie avec succès
Utilisateur 59 (source: dummyjson) traité avec succès.
Connexion à PostgreSQL établie avec succès
Utilisateur 60 (source: dummyjson) traité avec succès.
Connexion à PostgreSQL établie avec succès
Utilisateur 61 (source: dummyjson) traité avec succès.
Connexion à PostgreSQL établie avec succès
Utilisateur 62 (source: dummyjson) traité avec succès.
Connexion à PostgreSQL établie avec succès
Utilisateur 63 (source: dummyjson) traité avec succès.
Connexion à PostgreSQL établie avec succès
Utilisateur 64 (source: dummyjson) traité avec succès.
Connexion à PostgreSQL établie avec succès
Utilisateur 65 (source: dummyjson) traité avec succès.
Connexion à PostgreSQL établie avec succès
Utilisateur 66 (source: dummyjson) traité avec succès.
Connexion à PostgreSQL établie avec succès
Utilisateur 67 (source: dummyjson) traité avec succès.
Connexion à PostgreSQL établie avec succès
Utilisateur 68 (source: dummyjson) traité avec succès.
Connexion à PostgreSQL établie avec succès
